<?xml version="1.0" encoding="UTF-8"?>
<testng-results ignored="0" total="1" passed="1" failed="0" skipped="0">
  <reporter-output>
  </reporter-output>
  <suite started-at="2026-06-02T18:57:46 IST" name="Surefire suite" finished-at="2026-06-02T18:57:59 IST" duration-ms="12973">
    <groups>
    </groups>
    <test started-at="2026-06-02T18:57:46 IST" name="Surefire test" finished-at="2026-06-02T18:57:59 IST" duration-ms="12973">
      <class name="tests.OrdersTest">
        <test-method is-config="true" signature="setup()[pri:0, instance:tests.OrdersTest@3d121db3]" started-at="2026-06-02T18:57:46 IST" name="setup" finished-at="2026-06-02T18:57:49 IST" duration-ms="3106" status="PASS">
          <reporter-output>
          </reporter-output>
        </test-method> <!-- setup -->
        <test-method signature="VerifyEndToEndOrderFlow()[pri:0, instance:tests.OrdersTest@3d121db3]" started-at="2026-06-02T18:57:49 IST" name="VerifyEndToEndOrderFlow" description="Verify user can login with valid credentials" finished-at="2026-06-02T18:57:58 IST" duration-ms="9387" status="PASS">
          <reporter-output>
          </reporter-output>
        </test-method> <!-- VerifyEndToEndOrderFlow -->
        <test-method is-config="true" signature="tearDown()[pri:0, instance:tests.OrdersTest@3d121db3]" started-at="2026-06-02T18:57:58 IST" name="tearDown" finished-at="2026-06-02T18:57:59 IST" duration-ms="400" status="PASS">
          <reporter-output>
          </reporter-output>
        </test-method> <!-- tearDown -->
      </class> <!-- tests.OrdersTest -->
    </test> <!-- Surefire test -->
  </suite> <!-- Surefire suite -->
</testng-results>
